<?xml version="1.0" encoding="UTF-8"?>
<!-- Generated by org.testng.reporters.JUnitXMLReporter -->
<testsuite hostname="home" ignored="0" name="Surefire test" tests="2" failures="0" timestamp="13 Oct 2017 13:31:09 GMT" time="17.333" errors="0">
  <testcase name="naukriLogin" time="5.973" classname="com.selenium.naukri.NaukriResumeUpdate.LoginPage"/>
  <testcase name="deleteUploadResume" time="11.339" classname="com.selenium.naukri.NaukriResumeUpdate.LoginPage"/>
</testsuite> <!-- Surefire test -->
