<?xml version="1.0" encoding="UTF-8"?>
<testng-results skipped="0" failed="0" ignored="0" total="1" passed="1">
  <reporter-output>
  </reporter-output>
  <suite name="Default suite" duration-ms="6071" started-at="2017-10-10T10:05:33Z" finished-at="2017-10-10T10:05:39Z">
    <groups>
    </groups>
    <test name="Default test" duration-ms="6071" started-at="2017-10-10T10:05:33Z" finished-at="2017-10-10T10:05:39Z">
      <class name="com.selenium.naukri.NaukriResumeUpdate.LoginPage">
        <test-method status="PASS" signature="setup()[pri:0, instance:com.selenium.naukri.NaukriResumeUpdate.LoginPage@7d8704ef]" name="setup" is-config="true" duration-ms="9697" started-at="2017-10-10T15:35:23Z" finished-at="2017-10-10T15:35:33Z">
          <reporter-output>
          </reporter-output>
        </test-method> <!-- setup -->
        <test-method status="PASS" signature="naukriLogin()[pri:0, instance:com.selenium.naukri.NaukriResumeUpdate.LoginPage@7d8704ef]" name="naukriLogin" duration-ms="6022" started-at="2017-10-10T15:35:33Z" finished-at="2017-10-10T15:35:39Z">
          <reporter-output>
          </reporter-output>
        </test-method> <!-- naukriLogin -->
        <test-method status="PASS" signature="tearDown()[pri:0, instance:com.selenium.naukri.NaukriResumeUpdate.LoginPage@7d8704ef]" name="tearDown" is-config="true" duration-ms="1" started-at="2017-10-10T15:35:39Z" finished-at="2017-10-10T15:35:39Z">
          <reporter-output>
          </reporter-output>
        </test-method> <!-- tearDown -->
      </class> <!-- com.selenium.naukri.NaukriResumeUpdate.LoginPage -->
    </test> <!-- Default test -->
  </suite> <!-- Default suite -->
</testng-results>
